10/09/2023 15:00:41 Macro iniciada
10/09/2023 15:00:55 Quantidade de mensagens a serem enviadas: 50
10/09/2023 15:01:11 Início da macro de testes - Contador de Mensagens - Nome do usuário: Helder
10/09/2023 15:01:28 Chave de acesso informada: chave
10/09/2023 15:01:28 Selecione um arquivo Excel (.xlsx), que contenha uma coluna com o nome FILMES (letras maiúsculas)
10/09/2023 15:02:14 Filme informado: Beleza Americana
10/09/2023 15:02:14 Filme informado: O diabo de cada dia
10/09/2023 15:02:14 Filme informado: O curioso caso de Benjamin Button
10/09/2023 15:02:14 Olá, Helder! Esta é uma mensagem de boas vindas no terminal. Mensagem número 1
10/09/2023 15:02:17 Olá, Helder! Esta é uma mensagem de boas vindas no terminal. Mensagem número 2
10/09/2023 15:02:20 Olá, Helder! Esta é uma mensagem de boas vindas no terminal. Mensagem número 3
10/09/2023 15:02:23 Olá, Helder! Esta é uma mensagem de boas vindas no terminal. Mensagem número 4
10/09/2023 15:02:26 Olá, Helder! Esta é uma mensagem de boas vindas no terminal. Mensagem número 5
10/09/2023 15:02:29 Olá, Helder! Esta é uma mensagem de boas vindas no terminal. Mensagem número 6
10/09/2023 15:02:32 Olá, Helder! Esta é uma mensagem de boas vindas no terminal. Mensagem número 7
10/09/2023 15:02:35 Olá, Helder! Esta é uma mensagem de boas vindas no terminal. Mensagem número 8
10/09/2023 15:02:38 Olá, Helder! Esta é uma mensagem de boas vindas no terminal. Mensagem número 9
10/09/2023 15:02:41 Olá, Helder! Esta é uma mensagem de boas vindas no terminal. Mensagem número 10
10/09/2023 15:02:44 Olá, Helder! Esta é uma mensagem de boas vindas no terminal. Mensagem número 11
10/09/2023 15:02:47 Olá, Helder! Esta é uma mensagem de boas vindas no terminal. Mensagem número 12
10/09/2023 15:02:50 Olá, Helder! Esta é uma mensagem de boas vindas no terminal. Mensagem número 13
10/09/2023 15:02:53 Olá, Helder! Esta é uma mensagem de boas vindas no terminal. Mensagem número 14
10/09/2023 15:02:56 Olá, Helder! Esta é uma mensagem de boas vindas no terminal. Mensagem número 15
10/09/2023 15:02:59 Olá, Helder! Esta é uma mensagem de boas vindas no terminal. Mensagem número 16
10/09/2023 15:03:02 Olá, Helder! Esta é uma mensagem de boas vindas no terminal. Mensagem número 17
10/09/2023 15:03:05 Olá, Helder! Esta é uma mensagem de boas vindas no terminal. Mensagem número 18
10/09/2023 15:03:08 Olá, Helder! Esta é uma mensagem de boas vindas no terminal. Mensagem número 19
10/09/2023 15:03:11 Olá, Helder! Esta é uma mensagem de boas vindas no terminal. Mensagem número 20
10/09/2023 15:03:14 Olá, Helder! Esta é uma mensagem de boas vindas no terminal. Mensagem número 21
10/09/2023 15:03:17 Olá, Helder! Esta é uma mensagem de boas vindas no terminal. Mensagem número 22
10/09/2023 15:03:20 Olá, Helder! Esta é uma mensagem de boas vindas no terminal. Mensagem número 23
10/09/2023 15:03:23 Olá, Helder! Esta é uma mensagem de boas vindas no terminal. Mensagem número 24
10/09/2023 15:03:26 Olá, Helder! Esta é uma mensagem de boas vindas no terminal. Mensagem número 25
10/09/2023 15:03:29 Olá, Helder! Esta é uma mensagem de boas vindas no terminal. Mensagem número 26
10/09/2023 15:03:32 Olá, Helder! Esta é uma mensagem de boas vindas no terminal. Mensagem número 27
10/09/2023 15:03:35 Olá, Helder! Esta é uma mensagem de boas vindas no terminal. Mensagem número 28
10/09/2023 15:03:38 Olá, Helder! Esta é uma mensagem de boas vindas no terminal. Mensagem número 29
10/09/2023 15:03:41 Olá, Helder! Esta é uma mensagem de boas vindas no terminal. Mensagem número 30
10/09/2023 15:03:44 Olá, Helder! Esta é uma mensagem de boas vindas no terminal. Mensagem número 31
10/09/2023 15:03:47 Olá, Helder! Esta é uma mensagem de boas vindas no terminal. Mensagem número 32
10/09/2023 15:03:50 Olá, Helder! Esta é uma mensagem de boas vindas no terminal. Mensagem número 33
10/09/2023 15:03:53 Olá, Helder! Esta é uma mensagem de boas vindas no terminal. Mensagem número 34
10/09/2023 15:03:56 Olá, Helder! Esta é uma mensagem de boas vindas no terminal. Mensagem número 35
10/09/2023 15:03:59 Olá, Helder! Esta é uma mensagem de boas vindas no terminal. Mensagem número 36
10/09/2023 15:04:02 Olá, Helder! Esta é uma mensagem de boas vindas no terminal. Mensagem número 37
10/09/2023 15:04:05 Olá, Helder! Esta é uma mensagem de boas vindas no terminal. Mensagem número 38
10/09/2023 15:04:08 Olá, Helder! Esta é uma mensagem de boas vindas no terminal. Mensagem número 39
10/09/2023 15:04:11 Olá, Helder! Esta é uma mensagem de boas vindas no terminal. Mensagem número 40
10/09/2023 15:04:14 Olá, Helder! Esta é uma mensagem de boas vindas no terminal. Mensagem número 41
10/09/2023 15:04:17 Olá, Helder! Esta é uma mensagem de boas vindas no terminal. Mensagem número 42
10/09/2023 15:04:20 Olá, Helder! Esta é uma mensagem de boas vindas no terminal. Mensagem número 43
10/09/2023 15:04:23 Olá, Helder! Esta é uma mensagem de boas vindas no terminal. Mensagem número 44
10/09/2023 15:04:26 Olá, Helder! Esta é uma mensagem de boas vindas no terminal. Mensagem número 45
10/09/2023 15:04:29 Olá, Helder! Esta é uma mensagem de boas vindas no terminal. Mensagem número 46
10/09/2023 15:04:32 Olá, Helder! Esta é uma mensagem de boas vindas no terminal. Mensagem número 47
10/09/2023 15:04:35 Olá, Helder! Esta é uma mensagem de boas vindas no terminal. Mensagem número 48
10/09/2023 15:04:38 Olá, Helder! Esta é uma mensagem de boas vindas no terminal. Mensagem número 49
10/09/2023 15:04:41 Olá, Helder! Esta é uma mensagem de boas vindas no terminal. Mensagem número 50
