10/09/2023 14:07:40 Macro iniciada
10/09/2023 14:07:57 Quantidade de mensagens a serem enviadas: 20
10/09/2023 14:08:12 Início da macro de testes - Contador de Mensagens - Nome do usuário: Helder
10/09/2023 14:08:36 Chave de acesso informada: chave
10/09/2023 14:08:36 Selecione um arquivo Excel (.xlsx), que contenha uma coluna com o nome FILMES (letras maiúsculas)
10/09/2023 14:08:59 Filme informado: Beleza Americana
10/09/2023 14:08:59 Filme informado: O diabo de cada dia
10/09/2023 14:08:59 Filme informado: O curioso caso de Benjamin Button
10/09/2023 14:08:59 Olá, Helder! Esta é uma mensagem de boas vindas no terminal. Mensagem número 1
10/09/2023 14:09:02 Olá, Helder! Esta é uma mensagem de boas vindas no terminal. Mensagem número 2
10/09/2023 14:09:05 Olá, Helder! Esta é uma mensagem de boas vindas no terminal. Mensagem número 3
10/09/2023 14:09:08 Olá, Helder! Esta é uma mensagem de boas vindas no terminal. Mensagem número 4
10/09/2023 14:09:11 Olá, Helder! Esta é uma mensagem de boas vindas no terminal. Mensagem número 5
10/09/2023 14:09:14 Olá, Helder! Esta é uma mensagem de boas vindas no terminal. Mensagem número 6
10/09/2023 14:09:17 Olá, Helder! Esta é uma mensagem de boas vindas no terminal. Mensagem número 7
10/09/2023 14:09:20 Olá, Helder! Esta é uma mensagem de boas vindas no terminal. Mensagem número 8
10/09/2023 14:09:23 Olá, Helder! Esta é uma mensagem de boas vindas no terminal. Mensagem número 9
10/09/2023 14:09:26 Olá, Helder! Esta é uma mensagem de boas vindas no terminal. Mensagem número 10
10/09/2023 14:09:29 Olá, Helder! Esta é uma mensagem de boas vindas no terminal. Mensagem número 11
10/09/2023 14:09:32 Olá, Helder! Esta é uma mensagem de boas vindas no terminal. Mensagem número 12
10/09/2023 14:09:35 Olá, Helder! Esta é uma mensagem de boas vindas no terminal. Mensagem número 13
10/09/2023 14:09:38 Olá, Helder! Esta é uma mensagem de boas vindas no terminal. Mensagem número 14
10/09/2023 14:09:41 Olá, Helder! Esta é uma mensagem de boas vindas no terminal. Mensagem número 15
10/09/2023 14:09:44 Olá, Helder! Esta é uma mensagem de boas vindas no terminal. Mensagem número 16
10/09/2023 14:09:47 Olá, Helder! Esta é uma mensagem de boas vindas no terminal. Mensagem número 17
10/09/2023 14:09:50 Olá, Helder! Esta é uma mensagem de boas vindas no terminal. Mensagem número 18
10/09/2023 14:09:53 Olá, Helder! Esta é uma mensagem de boas vindas no terminal. Mensagem número 19
10/09/2023 14:09:56 Olá, Helder! Esta é uma mensagem de boas vindas no terminal. Mensagem número 20
